<?xml version="1.0" encoding="UTF-8"?>
<!-- Generated by org.testng.reporters.JUnitReportReporter -->
<testsuite hostname="DESKTOP-2T02PLP" failures="0" tests="1" name="ProjectTestScripts.UpdateProjectWithGui" time="21.405" errors="0" timestamp="2023-08-11T15:34:21 IST" skipped="0">
  <testcase classname="ProjectTestScripts.UpdateProjectWithGui" name="updateProject" time="21.405"/>
  <system-out/>
</testsuite> <!-- ProjectTestScripts.UpdateProjectWithGui -->
