<?xml version="1.0" encoding="UTF-8"?>
<!-- Generated by org.testng.reporters.JUnitReportReporter -->
<testsuite hostname="DESKTOP-2T02PLP" failures="0" tests="1" name="ProjectTestScripts.CreateProject" time="4.118" errors="0" timestamp="2023-08-11T12:25:45 IST" skipped="0">
  <testcase classname="ProjectTestScripts.CreateProject" name="createProj" time="4.118"/>
  <system-out/>
</testsuite> <!-- ProjectTestScripts.CreateProject -->
