<?xml version="1.0" encoding="UTF-8"?>
<!-- Generated by org.testng.reporters.JUnitReportReporter -->
<testsuite hostname="DESKTOP-2T02PLP" failures="0" tests="1" name="ProjectTestScripts.CreateProjectWithGui" time="25.848" errors="0" timestamp="2023-08-11T17:26:51 IST" skipped="0">
  <testcase classname="ProjectTestScripts.CreateProjectWithGui" name="updateProject" time="25.848"/>
  <system-out/>
</testsuite> <!-- ProjectTestScripts.CreateProjectWithGui -->
